2016-06-10 18:01:54,081 ERROR  [JaxbStoreParser] javax.xml.bind.UnmarshalException
 - with linked exception:
[org.xml.sax.SAXParseException; systemId: file:/C:/Users/Ivan/Projects/Ivan_Semenov_Project/src/main/java/com/epam/lab9_10/res/data.xml; lineNumber: 1; columnNumber: 1; Premature end of file.] 
2016-06-10 18:33:20,611 ERROR  [XMLArtistDAO]  
2016-06-10 18:35:42,949 ERROR  [XMLArtistDAO] java.lang.NullPointerException 
2016-06-10 18:37:05,018 ERROR  [XMLArtistDAO]  
2016-06-10 18:39:52,858 ERROR  [XMLArtistDAO] java.lang.NullPointerException 
2016-06-11 14:34:48,129 ERROR  [JaxbStoreParser] javax.xml.bind.UnmarshalException
 - with linked exception:
[java.io.FileNotFoundException: C:\Users\Ivan\Projects\Ivan_Semenov_Project\src\test\java\com\epam\lab9_10\res\data.xml (Системе не удается найти указанный путь)] 
2016-06-11 14:34:48,156 ERROR  [JaxbStoreParser] javax.xml.bind.UnmarshalException
 - with linked exception:
[java.io.FileNotFoundException: C:\Users\Ivan\Projects\Ivan_Semenov_Project\src\test\java\com\epam\lab9_10\res\data.xml (Системе не удается найти указанный путь)] 
2016-06-11 14:34:48,169 ERROR  [JaxbStoreParser] javax.xml.bind.UnmarshalException
 - with linked exception:
[java.io.FileNotFoundException: C:\Users\Ivan\Projects\Ivan_Semenov_Project\src\test\java\com\epam\lab9_10\res\data.xml (Системе не удается найти указанный путь)] 
2016-06-11 14:34:48,188 ERROR  [JaxbStoreParser] javax.xml.bind.UnmarshalException
 - with linked exception:
[java.io.FileNotFoundException: C:\Users\Ivan\Projects\Ivan_Semenov_Project\src\test\java\com\epam\lab9_10\res\data.xml (Системе не удается найти указанный путь)] 
2016-06-11 14:53:19,949 ERROR  [JaxbStoreParser] javax.xml.bind.UnmarshalException
 - with linked exception:
[java.io.FileNotFoundException: C:\Users\Ivan\Projects\Ivan_Semenov_Project\src\main\java\com\epam\lab9_10\res\data.xml (Не удается найти указанный файл)] 
2016-06-11 14:54:46,915 ERROR  [JaxbStoreParser] javax.xml.bind.UnmarshalException
 - with linked exception:
[java.io.FileNotFoundException: C:\Users\Ivan\Projects\Ivan_Semenov_Project\src\main\java\com\epam\lab9_10\res\data.xml (Не удается найти указанный файл)] 
2016-06-11 15:17:54,510 ERROR  [XMLArtistDAO] NO ARTIST WITH id=115found 
2016-06-11 15:18:13,046 ERROR  [XMLArtistDAO] NO ARTIST WITH id=115found 
2016-06-11 15:18:33,410 ERROR  [XMLArtistDAO] NO ARTIST WITH id=11444found 
2016-06-11 15:18:33,454 ERROR  [XMLArtistDAO] NO ARTIST WITH id=115found 
2016-06-11 15:19:33,921 ERROR  [XMLArtistDAO] NO ARTIST WITH id=1451found 
2016-06-11 15:20:31,444 ERROR  [XMLArtistDAO] NO ARTIST WITH id=1451found 
2016-06-11 15:23:21,973 ERROR  [XMLArtistDAO] NO ARTIST WITH id=1451found 
2016-06-11 15:24:03,136 ERROR  [XMLArtistDAO] NO ARTIST WITH id=1451 exists 
2016-06-11 15:24:34,017 ERROR  [XMLArtistDAO] NO ARTIST WITH id=115 exists 
2016-06-11 15:27:30,568 ERROR  [XMLArtistDAO] NO ARTIST WITH id=115 exists 
2016-06-11 15:28:16,633 ERROR  [XMLArtistDAO] NO ARTIST WITH id=115 exists 
2016-06-15 19:02:58,235 ERROR  [ConnectionManager] java.sql.SQLException: No suitable driver found for jdbc:mysql://localhost/imenik 
2016-06-15 19:06:03,897 ERROR  [DBArtistDAO] org.postgresql.util.PSQLException: ОШИБКА: INSERT или UPDATE в таблице "album" нарушает ограничение внешнего ключа "album_artist_id_fkey" 
  Подробности: Ключ (artist_id)=(12345) отсутствует в таблице "artist". 
2016-06-15 19:06:03,899 ERROR  [DBArtistDAO] org.postgresql.util.PSQLException: ОШИБКА: INSERT или UPDATE в таблице "album" нарушает ограничение внешнего ключа "album_artist_id_fkey" 
  Подробности: Ключ (artist_id)=(12345) отсутствует в таблице "artist". 
2016-06-15 19:06:03,901 ERROR  [DBArtistDAO] org.postgresql.util.PSQLException: ОШИБКА: INSERT или UPDATE в таблице "album" нарушает ограничение внешнего ключа "album_artist_id_fkey" 
  Подробности: Ключ (artist_id)=(2435) отсутствует в таблице "artist". 
2016-06-15 19:08:57,201 ERROR  [DBArtistDAO] org.postgresql.util.PSQLException: ОШИБКА: INSERT или UPDATE в таблице "album" нарушает ограничение внешнего ключа "album_artist_id_fkey" 
  Подробности: Ключ (artist_id)=(12345) отсутствует в таблице "artist". 
2016-06-15 19:08:57,203 ERROR  [DBArtistDAO] org.postgresql.util.PSQLException: ОШИБКА: INSERT или UPDATE в таблице "album" нарушает ограничение внешнего ключа "album_artist_id_fkey" 
  Подробности: Ключ (artist_id)=(12345) отсутствует в таблице "artist". 
2016-06-15 19:08:57,204 ERROR  [DBArtistDAO] org.postgresql.util.PSQLException: ОШИБКА: INSERT или UPDATE в таблице "album" нарушает ограничение внешнего ключа "album_artist_id_fkey" 
  Подробности: Ключ (artist_id)=(2435) отсутствует в таблице "artist". 
2016-06-15 19:09:25,937 ERROR  [DBArtistDAO] org.postgresql.util.PSQLException: ОШИБКА: значение не умещается в тип character varying(20) 
2016-06-15 19:11:33,412 ERROR  [DBArtistDAO] org.postgresql.util.PSQLException: ОШИБКА: отношение "artist" не существует
  Позиция: 13 
2016-06-15 19:11:33,414 ERROR  [DBArtistDAO] org.postgresql.util.PSQLException: ОШИБКА: отношение "artist" не существует
  Позиция: 13 
2016-06-15 19:47:31,323 ERROR  [DBArtistDAO] org.postgresql.util.PSQLException: ОШИБКА: повторяющееся значение ключа нарушает ограничение уникальности "artist_pkey"
  Подробности: Ключ "(id)=(12345)" уже существует. 
2016-06-15 19:47:31,356 ERROR  [DBArtistDAO] org.postgresql.util.PSQLException: ОШИБКА: повторяющееся значение ключа нарушает ограничение уникальности "artist_pkey"
  Подробности: Ключ "(id)=(2435)" уже существует. 
2016-06-15 19:49:39,407 ERROR  [DBArtistDAO] org.postgresql.util.PSQLException: ОШИБКА: отношение "artist" не существует
  Позиция: 13 
2016-06-15 19:49:39,507 ERROR  [DBArtistDAO] org.postgresql.util.PSQLException: ОШИБКА: отношение "artist" не существует
  Позиция: 13 
2016-06-15 20:03:05,322 ERROR  [DBArtistDAO] org.postgresql.util.PSQLException: ОШИБКА: повторяющееся значение ключа нарушает ограничение уникальности "artist_pkey"
  Подробности: Ключ "(id)=(12345)" уже существует. 
2016-06-15 20:03:05,403 ERROR  [DBArtistDAO] org.postgresql.util.PSQLException: ОШИБКА: повторяющееся значение ключа нарушает ограничение уникальности "artist_pkey"
  Подробности: Ключ "(id)=(2435)" уже существует. 
